-------------------------------------------------------------------------------
Test set: com.sg.vendingmachine.service.VendingMachineServiceImplIT
-------------------------------------------------------------------------------
Tests run: 2, Failures: 1, Errors: 0, Skipped: 0, Time elapsed: 0.03 sec <<< FAILURE! - in com.sg.vendingmachine.service.VendingMachineServiceImplIT
testGetAllSnack  Time elapsed: 0.017 sec  <<< FAILURE!
org.opentest4j.AssertionFailedError: Expected to retrieve snack list from file ==> expected: <[Snack{name=twizzlers, price=2.00, inventory=6}, Snack{name=kitkat, price=1.25, inventory=5}, Snack{name=peanuts, price=1.75, inventory=3}, Snack{name=gum, price=2.50, inventory=7}]> but was: <[]>
	at com.sg.vendingmachine.service.VendingMachineServiceImplIT.testGetAllSnack(VendingMachineServiceImplIT.java:71)

